
	            G L O B A L   R E F E R E N C E S

	             Name               Value        Type
	==============================|=======|===============
	Vetor15                          FE0F         VARIABLE
	Inicio                           0000            LABEL
	LoopTeto                         0012            LABEL
	LoopBorda                        0028            LABEL
	GameLoop                         008E            LABEL
	AUX                              0098            LABEL
	PegaTecla                        009F            LABEL
	TestaEsquerda                    00A1            LABEL
	TestaDireita                     00A6            LABEL
	TestaDisparo                     00AB            LABEL
	FimLoop                          00B0            LABEL
	AtingeNave                       00B2            LABEL
	Vitoria                          00C1            LABEL
	GameOver                         00CD            LABEL
	MoveEsquerda                     00D9            LABEL
	CancelaE                         00E3            LABEL
	MoveE                            00E5            LABEL
	MoveD                            0105            LABEL
	CancelaD                         010F            LABEL
	FazMoveD                         0111            LABEL
	VerificaTiro                     0131            LABEL
	Atira                            0138            LABEL
	Timer                            0152            LABEL
	TimerNormal                      015D            LABEL
	AtualizaMov                      0167            LABEL
	MoveDireitaInim                  0176            LABEL
	MoveEsquerdaInim                 0196            LABEL
	VerificaBordas                   01B6            LABEL
	TestaBordaD                      01BD            LABEL
	FimVerificaAux                   01C4            LABEL
	TestaBordaE                      01C6            LABEL
	BateuParede                      01CD            LABEL
	MudaPraDireita                   01D2            LABEL
	MudaPraEsquerda                  01D8            LABEL
	DesceInim                        01DC            LABEL
	VerificaLinhaI2                  01F7            LABEL
	VerificaLinhaI1                  0206            LABEL
	AtingiuNAve                      0219            LABEL
	FimVerifica                      021D            LABEL
	Tiro                             0223            LABEL
	AtualizaTiro                     022A            LABEL
	TestaLinhaInim3                  0244            LABEL
	TestaTetoJmp                     024A            LABEL
	TestaInimigo1                    024C            LABEL
	BateuInim1                       0255            LABEL
	Destroi1                         025C            LABEL
	TestaInimigo2                    027D            LABEL
	BateuInim2                       0286            LABEL
	Destroi2                         028D            LABEL
	TestaInimigo3                    02AE            LABEL
	BateuInim3                       02B7            LABEL
	Destroi3                         02BE            LABEL
	TestaInimigo4                    02DF            LABEL
	BateuInim4                       02E8            LABEL
	Destroi4                         02EF            LABEL
	TestaInimigo5                    0310            LABEL
	BateuInim5                       0319            LABEL
	Destroi5                         0320            LABEL
	TestaInimigo6                    0341            LABEL
	BateuInim6                       034A            LABEL
	Destroi6                         0351            LABEL
	TestaInimigo7                    0372            LABEL
	BateuInim7                       037B            LABEL
	Destroi7                         0382            LABEL
	TestaInimigo8                    03A3            LABEL
	BateuInim8                       03AC            LABEL
	Destroi8                         03B3            LABEL
	TestaInimigo9                    03D4            LABEL
	BateuInim9                       03DD            LABEL
	Destroi9                         03E4            LABEL
	TestaInimigo10                   0405            LABEL
	BateuInim10                      040E            LABEL
	Destroi10                        0415            LABEL
	TestaInimigo11                   0436            LABEL
	BateuInim11                      043F            LABEL
	Destroi11                        0446            LABEL
	TestaInimigo12                   0467            LABEL
	BateuInim12                      0470            LABEL
	Destroi12                        0477            LABEL
	TestaInimigo13                   0498            LABEL
	BateuInim13                      04A1            LABEL
	Destroi13                        04A8            LABEL
	TestaInimigo14                   04C9            LABEL
	BateuInim14                      04D2            LABEL
	Destroi14                        04D9            LABEL
	Pontuacao                        04FA            LABEL
	ImprimePlacar                    0507            LABEL
	ContinuaJogo                     0529            LABEL
	TestaTeto                        052B            LABEL
	DesenhaTiro                      0536            LABEL
	ReativaTimer                     0542            LABEL
	DesenhaInim                      054F            LABEL
	PulaDesenhoI1                    056A            LABEL
	PulaDesenhoI2                    0585            LABEL
	PulaDesenhoI3                    05A0            LABEL
	PulaDesenhoI4                    05BB            LABEL
	PulaDesenhoI5                    05D6            LABEL
	PulaDesenhoI6                    05F1            LABEL
	PulaDesenhoI7                    060C            LABEL
	PulaDesenhoI8                    0627            LABEL
	PulaDesenhoI9                    0642            LABEL
	PulaDesenhoI10                   065D            LABEL
	PulaDesenhoI11                   0678            LABEL
	PulaDesenhoI12                   0693            LABEL
	PulaDesenhoI13                   06AE            LABEL
	FimDesenhaFrota                  06C9            LABEL
	Vidas                            06CA            LABEL
	ResetFase                        06E7            LABEL
	ResetCompleto                    0740            LABEL
	LimpaTela                        0785            LABEL
	LoopLimpaLinha                   0787            LABEL
	LoopLimpaCol                     0789            LABEL
	Espaco                           079B            LABEL
	MensagemGameOver                 07A6            LABEL
	MensagemVitoria                  07F3            LABEL
	CURSOR                           FFFC         CONSTANT
	WRITE                            FFFE         CONSTANT
	CURSOR_INIT                      FFFF         CONSTANT
	STATUS                           FFFD         CONSTANT
	READ                             FFFF         CONSTANT
	TIMER_VAL                        FFF6         CONSTANT
	TIMER_CTRL                       FFF7         CONSTANT
	NaveLinha                        8000         VARIABLE
	NaveColuna                       8001         VARIABLE
	TiroAtivo                        8002         VARIABLE
	TiroLinha                        8003         VARIABLE
	TiroColuna                       8004         VARIABLE
	InimigoLinha                     8005         VARIABLE
	Inimigo1Col                      8006         VARIABLE
	Inimigo2Col                      8007         VARIABLE
	Inimigo3Col                      8008         VARIABLE
	Inimigo4Col                      8009         VARIABLE
	Inimigo5Col                      800A         VARIABLE
	InimigoLinha2                    800B         VARIABLE
	Inimigo6Col                      800C         VARIABLE
	Inimigo7Col                      800D         VARIABLE
	Inimigo8Col                      800E         VARIABLE
	Inimigo9Col                      800F         VARIABLE
	InimigoLinha3                    8010         VARIABLE
	Inimigo10Col                     8011         VARIABLE
	Inimigo11Col                     8012         VARIABLE
	Inimigo12Col                     8013         VARIABLE
	Inimigo13Col                     8014         VARIABLE
	Inimigo14Col                     8015         VARIABLE
	Inimigo1Ativo                    8016         VARIABLE
	Inimigo2Ativo                    8017         VARIABLE
	Inimigo3Ativo                    8018         VARIABLE
	Inimigo4Ativo                    8019         VARIABLE
	Inimigo5Ativo                    801A         VARIABLE
	Inimigo6Ativo                    801B         VARIABLE
	Inimigo7Ativo                    801C         VARIABLE
	Inimigo8Ativo                    801D         VARIABLE
	Inimigo9Ativo                    801E         VARIABLE
	Inimigo10Ativo                   801F         VARIABLE
	Inimigo11Ativo                   8020         VARIABLE
	Inimigo12Ativo                   8021         VARIABLE
	Inimigo13Ativo                   8022         VARIABLE
	Inimigo14Ativo                   8023         VARIABLE
	PontosDezena                     8024         VARIABLE
	PontosCentena                    8025         VARIABLE
	DirecaoInim                      8026         VARIABLE
	ImprimeInimigo                   8027         VARIABLE
	TimerInim                        8028         VARIABLE
	NumeroVidas                      8029         VARIABLE
	InimigosVivos                    802A         VARIABLE
	EstadoJogo                       802B         VARIABLE
